<?xml version="1.0" encoding="UTF-8"?>
<testsuite name="com.example.calculator.CalculatorTest" tests="5" skipped="0" failures="0" errors="0" timestamp="2026-07-06T21:46:24.305Z" hostname="DESKTOP-HICDEUU" time="0.2">
  <properties/>
  <testcase name="testDivideByZeroThrowsException()" classname="com.example.calculator.CalculatorTest" time="0.157"/>
  <testcase name="testSum()" classname="com.example.calculator.CalculatorTest" time="0.019"/>
  <testcase name="testSubtract()" classname="com.example.calculator.CalculatorTest" time="0.003"/>
  <testcase name="testDivide()" classname="com.example.calculator.CalculatorTest" time="0.003"/>
  <testcase name="testMultiply()" classname="com.example.calculator.CalculatorTest" time="0.003"/>
  <system-out><![CDATA[]]></system-out>
  <system-err><![CDATA[]]></system-err>
</testsuite>
