<?xml version="1.0" encoding="UTF-8"?>
<testsuite name="com.example.calculator.CalculatorTest" tests="5" skipped="0" failures="0" errors="0" timestamp="2026-07-06T22:50:23.841Z" hostname="DESKTOP-HICDEUU" time="0.12">
  <properties/>
  <testcase name="testDivideByZeroThrowsException()" classname="com.example.calculator.CalculatorTest" time="0.094"/>
  <testcase name="testSum()" classname="com.example.calculator.CalculatorTest" time="0.015"/>
  <testcase name="testSubtract()" classname="com.example.calculator.CalculatorTest" time="0.001"/>
  <testcase name="testDivide()" classname="com.example.calculator.CalculatorTest" time="0.001"/>
  <testcase name="testMultiply()" classname="com.example.calculator.CalculatorTest" time="0.002"/>
  <system-out><![CDATA[]]></system-out>
  <system-err><![CDATA[]]></system-err>
</testsuite>
